[2024-06-18T07:10:15.465Z] API server running on port 8002
[2024-06-18T07:11:32.970Z] API server running on port 8002
[2024-06-18T07:17:16.196Z] API server running on port 8002
[2024-06-18T07:26:35.061Z] API server running on port 8002
[2024-06-18T07:32:20.620Z] API server running on port 8002
[2024-06-18T07:35:09.919Z] API server running on port 8002
[2024-06-18T07:40:15.587Z] API server running on port 8002
[2024-06-18T07:45:01.087Z] API server running on port 8002
[2024-06-18T07:54:25.663Z] Incoming request: GET /api/user-details%20-H%20%22eyJhbGciOiJIUzI1NiIsInR5cCI6IkpXVCJ9.eyJ1c2VySWQiOjEsImlhdCI6MTcxODY5NzIwNywiZXhwIjoxNzE4NzAwODA3fQ.U1C7T22-1-X7JqzpQltGeZlTK5KJmAlRRZnkoT3i2GM%22 - Body: {}
[2024-06-18T08:03:02.290Z] API server running on port 8002
[2024-06-18T08:03:07.756Z] Incoming request: GET / - Body: {}
[2024-06-18T08:04:08.125Z] API server running on port 8002
[2024-06-18T08:04:17.102Z] Fetching user details for user ID: undefined
[2024-06-18T08:04:17.111Z] User not found
[2024-06-18T08:08:25.251Z] Fetching user details for user ID: undefined
[2024-06-18T08:08:25.253Z] User not found
[2024-06-18T08:50:25.344Z] Fetching user details for user ID: undefined
[2024-06-18T08:50:25.346Z] User not found
[2024-06-18T08:53:06.092Z] API server running on port 8002
[2024-06-18T08:53:16.166Z] Authorization header: Bearer eyJhbGciOiJIUzI1NiIsInR5cCI6IkpXVCJ9.eyJ1c2VySWQiOjEsImlhdCI6MTcxODY5NzIwNywiZXhwIjoxNzE4NzAwODA3fQ.U1C7T22-1-X7JqzpQltGeZlTK5KJmAlRRZnkoT3i2GM
[2024-06-18T08:53:16.181Z] Token parts: ["Bearer","eyJhbGciOiJIUzI1NiIsInR5cCI6IkpXVCJ9.eyJ1c2VySWQiOjEsImlhdCI6MTcxODY5NzIwNywiZXhwIjoxNzE4NzAwODA3fQ.U1C7T22-1-X7JqzpQltGeZlTK5KJmAlRRZnkoT3i2GM"]
[2024-06-18T08:53:16.187Z] Token verified. User ID: 1
[2024-06-18T08:53:16.188Z] Fetching user details for user ID: 1
[2024-06-18T08:53:16.191Z] User details fetched: {"firstname":"VisionTEK","lastname":"Admin","profile_pic":"/uploads/1718196025405.png","role":"admin"}
[2024-06-18T09:03:17.135Z] API server running on port 8002
[2024-06-18T09:03:21.587Z] API server running on port 8002
[2024-06-18T09:06:50.323Z] API server running on port 8002
[2024-06-18T09:08:30.512Z] API server running on port 8002
[2024-06-18T09:12:00.593Z] API server running on port 8002
[2024-06-18T09:13:42.882Z] API server running on port 8002
[2024-06-18T09:21:27.227Z] Incoming request: GET /api/user-details - Body: {} - Headers: {"authorization":"Bearer eyJhbGciOiJIUzI1NiIsInR5cCI6IkpXVCJ9.eyJ1c2VySWQiOjEsImlhdCI6MTcxODY5NzIwNywiZXhwIjoxNzE4NzAwODA3fQ.U1C7T22-1-X7JqzpQltGeZlTK5KJmAlRRZnkoT3i2GM","user-agent":"PostmanRuntime/7.39.0","accept":"*/*","cache-control":"no-cache","postman-token":"779c2063-addf-46bc-a8c5-6dc8098dea98","host":"visiontek.ddns.net:8002","accept-encoding":"gzip, deflate, br","connection":"keep-alive"}
[2024-06-18T09:21:27.229Z] Token parts: ["Bearer","eyJhbGciOiJIUzI1NiIsInR5cCI6IkpXVCJ9.eyJ1c2VySWQiOjEsImlhdCI6MTcxODY5NzIwNywiZXhwIjoxNzE4NzAwODA3fQ.U1C7T22-1-X7JqzpQltGeZlTK5KJmAlRRZnkoT3i2GM"]
[2024-06-18T09:21:27.234Z] Token verification failed: TokenExpiredError: jwt expired
[2024-06-18T09:22:54.581Z] Incoming request: GET /api/user-details - Body: {} - Headers: {"authorization":"Bearer eyJhbGciOiJIUzI1NiIsInR5cCI6IkpXVCJ9.eyJ1c2VySWQiOjEsImlhdCI6MTcxODcwMjAzNCwiZXhwIjoxNzE4NzA1NjM0fQ.O8U710Cg3s-1boX1fFa80-V16YXyCPJL1tqz-Wh3LeM","user-agent":"PostmanRuntime/7.39.0","accept":"*/*","cache-control":"no-cache","postman-token":"62cb67fc-c576-4240-9880-a53a53fb16dd","host":"visiontek.ddns.net:8002","accept-encoding":"gzip, deflate, br","connection":"keep-alive"}
[2024-06-18T09:22:54.582Z] Token parts: ["Bearer","eyJhbGciOiJIUzI1NiIsInR5cCI6IkpXVCJ9.eyJ1c2VySWQiOjEsImlhdCI6MTcxODcwMjAzNCwiZXhwIjoxNzE4NzA1NjM0fQ.O8U710Cg3s-1boX1fFa80-V16YXyCPJL1tqz-Wh3LeM"]
[2024-06-18T09:22:54.586Z] Token verified. User ID: 1
[2024-06-18T09:22:54.587Z] Fetching user details for user ID: 1
[2024-06-18T09:22:54.588Z] User details fetched: {"firstname":"VisionTEK","lastname":"Admin","profile_pic":"/uploads/1718196025405.png","role":"admin"}
[2024-06-18T09:23:22.763Z] API server running on port 8002
[2024-06-18T09:24:37.582Z] Incoming request: GET /api/user-details - Body: {} - Headers: {"authorization":"Bearer eyJhbGciOiJIUzI1NiIsInR5cCI6IkpXVCJ9.eyJ1c2VySWQiOjEsImlhdCI6MTcxODcwMjYzMCwiZXhwIjoxNzE4NzA2MjMwfQ.i3pQA20-V0GJuGQso7KKWSKmD_1j20JGRpxgoFo_G_I","user-agent":"PostmanRuntime/7.39.0","accept":"*/*","cache-control":"no-cache","postman-token":"cf80ac94-91d7-4391-a8bf-3e13d75f40c9","host":"visiontek.ddns.net:8002","accept-encoding":"gzip, deflate, br","connection":"keep-alive"}
[2024-06-18T09:24:37.583Z] Token parts: ["Bearer","eyJhbGciOiJIUzI1NiIsInR5cCI6IkpXVCJ9.eyJ1c2VySWQiOjEsImlhdCI6MTcxODcwMjYzMCwiZXhwIjoxNzE4NzA2MjMwfQ.i3pQA20-V0GJuGQso7KKWSKmD_1j20JGRpxgoFo_G_I"]
[2024-06-18T09:24:37.588Z] Token verified. User ID: 1
[2024-06-18T09:24:37.589Z] Fetching user details for user ID: 1
[2024-06-18T09:24:37.590Z] User details fetched: {"firstname":"VisionTEK","lastname":"Admin","profile_pic":"/uploads/1718196025405.png","role":"admin"}
[2024-06-18T09:27:25.550Z] Incoming request: GET /api/user-details - Body: {} - Headers: {"authorization":"Bearer eyJhbGciOiJIUzI1NiIsInR5cCI6IkpXVCJ9.eyJ1c2VySWQiOjEsImlhdCI6MTcxODcwMjYzMCwiZXhwIjoxNzE4NzA2MjMwfQ.i3pQA20-V0GJuGQso7KKWSKmD_1j20JGRpxgoFo_G_I","user-agent":"PostmanRuntime/7.39.0","accept":"*/*","cache-control":"no-cache","postman-token":"1875cf44-ed1c-4f6c-8194-e6b81f31570d","host":"visiontek.ddns.net:8002","accept-encoding":"gzip, deflate, br","connection":"keep-alive"}
[2024-06-18T09:27:25.551Z] Token parts: ["Bearer","eyJhbGciOiJIUzI1NiIsInR5cCI6IkpXVCJ9.eyJ1c2VySWQiOjEsImlhdCI6MTcxODcwMjYzMCwiZXhwIjoxNzE4NzA2MjMwfQ.i3pQA20-V0GJuGQso7KKWSKmD_1j20JGRpxgoFo_G_I"]
[2024-06-18T09:27:25.554Z] Token verified. User ID: 1
[2024-06-18T09:27:25.555Z] Fetching user details for user ID: 1
[2024-06-18T09:27:25.556Z] User details fetched: {"firstname":"VisionTEK","lastname":"Admin","profile_pic":"/uploads/1718196025405.png","role":"admin"}
[2024-06-18T09:28:23.298Z] Fetching statistics
[2024-06-18T09:28:23.300Z] Total users: [{"totalUsers":5}]
[2024-06-18T09:28:23.301Z] Active users: [{"activeUsers":3}]
[2024-06-18T09:28:23.302Z] Disabled users: [{"disabledUsers":2}]
[2024-06-18T09:28:23.305Z] Total screens: [{"totalScreens":4}]
[2024-06-18T09:28:23.305Z] Statistics fetched: {"totalUsers":5,"activeUsers":3,"disabledUsers":2,"totalScreens":4}
[2024-06-18T09:29:45.976Z] Fetching statistics
[2024-06-18T09:29:45.978Z] Total users: [{"totalUsers":5}]
[2024-06-18T09:29:45.980Z] Active users: [{"activeUsers":3}]
[2024-06-18T09:29:45.981Z] Disabled users: [{"disabledUsers":2}]
[2024-06-18T09:29:45.982Z] Total screens: [{"totalScreens":4}]
[2024-06-18T09:29:45.982Z] Statistics fetched: {"totalUsers":5,"activeUsers":3,"disabledUsers":2,"totalScreens":4}
[2024-06-18T09:32:10.202Z] API server running on port 8002
[2024-06-18T09:36:17.339Z] API server running on port 8002
[2024-06-18T09:46:04.023Z] API server running on port 8002
[2024-06-18T09:49:50.882Z] API server running on port 8002
[2024-06-18T09:52:26.156Z] API server running on port 8002
[2024-06-18T09:55:53.876Z] API server running on port 8002
[2024-06-18T10:00:42.702Z] API server running on port 8002
[2024-06-18T10:06:49.804Z] API server running on port 8002
[2024-06-18T10:08:23.373Z] Incoming req78Z] User details fetched: {"firstname":"VisionTEK","lastname":"Admin","profile_pic":"/uploads/1718196025405.png","role":"admin"}
[2024-06-18T10:08:30.124Z] Fetching statistics
[2024-06-18T10:08:30.155Z] Total users: [{"totalUsers":5}]
[2024-06-18T10:08:30.156Z] Active users: [{"activeUsers":3}]
[2024-06-18T10:08:30.157Z] Disabled users: [{"disabledUsers":2}]
[2024-06-18T10:08:30.158Z] Total screens: [{"totalScreens":4}]
[2024-06-18T10:08:30.158Z] Statistics fetched: {"totalUsers":5,"uest: GET /api/user-details
[2024-06-18T10:08:23.3activeUsers":3,"disabledUsers":2,"totalScreens":4}
[2024-06-18T10:21:08.984Z] API server running on port 8002
[2024-06-18T10:32:59.609Z] API server running on port 8002
[2024-06-18T11:19:29.167Z] API server running on port 8002
[2024-06-18T11:25:06.226Z] API server running on port 8002
[2024-06-18T11:26:23.173Z] API server running on port 8002
[2024-06-18T11:27:12.400Z] API server running on port 8002
[2024-06-18T11:28:06.484Z] API server running on port 8002
[2024-06-18T11:28:56.545Z] API server running on port 8002
[2024-06-18T11:44:39.583Z] API server running on port 8002
[2024-06-18T11:49:37.705Z] API server running on port 8002
[2024-06-18T11:54:02.868Z] API server running on port 8002
[2024-06-18T11:56:56.910Z] API server running on port 8002
[2024-06-18T11:59:33.467Z] API server running on port 8002
[2024-06-18T12:02:48.601Z] API server running on port 8002
[2024-06-18T12:05:34.835Z] API server running on port 8002
[2024-06-18T12:09:38.975Z] API server running on port 8002
[2024-06-18T12:12:19.029Z] API server running on port 8002
[2024-06-18T12:17:21.813Z] API server running on port 8002
[2024-06-18T12:22:15.454Z] API server running on port 8002
[2024-06-18T12:25:31.715Z] API server running on port 8002
[2024-06-18T12:31:55.352Z] API server running on port 8002
[2024-06-18T12:33:14.588Z] API server running on port 8002
[2024-06-18T12:36:53.408Z] API server running on port 8002
[2024-06-18T12:40:18.304Z] API server running on port 8002
[2024-06-18T12:45:03.374Z] API server running on port 8002
[2024-06-18T12:47:26.610Z] API server running on port 8002
[2024-06-18T12:49:27.925Z] API server running on port 8002
[2024-06-18T12:54:43.319Z] API server running on port 8002
[2024-06-18T12:57:02.463Z] API server running on port 8002
[2024-06-18T13:01:25.087Z] API server running on port 8002
[2024-06-18T13:05:32.426Z] API server running on port 8002
[2024-06-18T13:08:54.452Z] API server running on port 8002
[2024-06-18T13:11:07.510Z] API server running on port 8002
[2024-06-18T13:17:08.570Z] API server running on port 8002
[2024-06-18T14:13:23.017Z] API server running on port 8002
[2024-06-18T14:16:22.039Z] API server running on port 8002
[2024-06-18T14:16:27.846Z] API server running on port 8002
[2024-06-18T14:18:03.928Z] API server running on port 8002
[2024-06-18T14:28:42.389Z] API server running on port 8002
[2024-06-18T14:33:05.243Z] API server running on port 8002
[2024-06-18T14:33:08.108Z] API server running on port 8002
[2024-06-18T14:38:09.216Z] API server running on port 8002
[2024-06-18T15:32:53.449Z] API server running on port 8002
[2024-06-18T15:32:58.354Z] API server running on port 8002
[2024-06-18T15:38:44.541Z] API server running on port 8002
[2024-06-18T15:46:13.011Z] API server running on port 8002
[2024-06-18T15:50:14.344Z] API server running on port 8002
[2024-06-18T15:51:19.611Z] API server running on port 8002
[2024-06-18T15:58:19.177Z] API server running on port 8002
[2024-06-18T16:01:55.511Z] API server running on port 8002
[2024-06-18T16:06:25.721Z] API server running on port 8002
[2024-06-18T16:08:53.063Z] API server running on port 8002
[2024-06-18T16:12:36.414Z] API server running on port 8002
[2024-06-18T16:15:23.759Z] API server running on port 8002
[2024-06-18T16:18:20.415Z] API server running on port 8002
[2024-06-18T16:20:27.812Z] API server running on port 8002
[2024-06-18T16:23:06.964Z] API server running on port 8002
[2024-06-18T16:25:23.007Z] API server running on port 8002
[2024-06-18T16:32:29.743Z] API server running on port 8002
[2024-06-18T16:40:55.785Z] API server running on port 8002
[2024-06-18T16:43:23.704Z] API server running on port 8002
[2024-06-18T17:36:26.795Z] API server running on port 8002
[2024-06-18T17:36:40.265Z] API server running on port 8002
[2024-06-18T17:42:32.432Z] API server running on port 8002
[2024-06-18T17:45:15.351Z] API server running on port 8002
[2024-06-18T17:50:47.087Z] API server running on port 8002
[2024-06-18T17:52:42.248Z] API server running on port 8002
[2024-06-18T18:03:09.908Z] API server running on port 8002
[2024-06-18T18:05:50.973Z] API server running on port 8002
[2024-06-18T18:09:28.131Z] API server running on port 8002
[2024-06-18T18:11:07.106Z] API server running on port 8002
[2024-06-18T18:12:54.761Z] API server running on port 8002
[2024-06-18T18:19:05.475Z] API server running on port 8002
[2024-06-18T18:24:42.136Z] API server running on port 8002
[2024-06-18T18:25:39.468Z] API server running on port 8002
[2024-06-18T18:26:22.298Z] API server running on port 8002
[2024-06-18T18:27:34.019Z] API server running on port 8002
